<beans xmlns="http://www.springframework.org/schema/beans" xmlns:tx="http://www.springframework.org/schema/tx" xmlns:xsi="http://www.w3.org/2001/XMLSchema-instance" xmlns:p="http://www.springframework.org/schema/p" xmlns:context="http://www.springframework.org/schema/context" xmlns:oxm="http://www.springframework.org/schema/oxm" xmlns:mvc="http://www.springframework.org/schema/mvc" xmlns:util="http://www.springframework.org/schema/util"
	xsi:schemaLocation="http://www.springframework.org/schema/beans http://www.springframework.org/schema/beans/spring-beans-4.0.xsd
				http://www.springframework.org/schema/context http://www.springframework.org/schema/context/spring-context-4.0.xsd
				http://www.springframework.org/schema/tx http://www.springframework.org/schema/tx/spring-tx-4.0.xsd
				http://www.springframework.org/schema/oxm http://www.springframework.org/schema/oxm/spring-oxm-4.0.xsd
				http://www.springframework.org/schema/mvc http://www.springframework.org/schema/mvc/spring-mvc-4.0.xsd
				http://www.springframework.org/schema/util http://www.springframework.org/schema/util/spring-util-4.0.xsd"
>
	<tx:annotation-driven />
	<context:annotation-config />
	<context:property-placeholder location="classpath:obanks.properties" />
	<util:properties id="dsConfig" location="classpath:obanks.properties" />
	<context:component-scan base-package="cn.obanks"></context:component-scan>
	<mvc:annotation-driven />

	<!-- <import resource="obanks-common-data.xml" />
	<import resource="obanks-datasource.xml" /> -->
	<!-- <import resource="obanks-remote-sc.xml" /> -->
	
	
	
</beans>
